  main.cpp
C:\Users\Administrator\Desktop\超市商品管理系统\超市商品管理系统\main.cpp(189,11): warning C4101: “F”: 未引用的局部变量
C:\Users\Administrator\Desktop\超市商品管理系统\超市商品管理系统\main.cpp(463,9): warning C4101: “www”: 未引用的局部变量
C:\Users\Administrator\Desktop\超市商品管理系统\超市商品管理系统\main.cpp(1029,6): warning C4101: “jian”: 未引用的局部变量
C:\Users\Administrator\Desktop\超市商品管理系统\超市商品管理系统\main.cpp(2025,28): warning C4101: “w3”: 未引用的局部变量
C:\Users\Administrator\Desktop\超市商品管理系统\超市商品管理系统\main.cpp(2024,26): warning C4101: “x4”: 未引用的局部变量
C:\Users\Administrator\Desktop\超市商品管理系统\超市商品管理系统\main.cpp(2202,10): warning C4101: “x2”: 未引用的局部变量
F:\visual studio 2019 IDE\VC\Tools\MSVC\14.28.29910\include\algorithm(7361,17): warning C4244: “参数”: 从“float”转换到“int”，可能丢失数据
F:\visual studio 2019 IDE\VC\Tools\MSVC\14.28.29910\include\algorithm(7485): message : 查看对正在编译的函数 模板 实例化“_BidIt *std::_Insertion_sort_unchecked<_RanIt,int(__cdecl *)(int,int)>(const _BidIt,const _BidIt,_Pr)”的引用
          with
          [
              _BidIt=float *,
              _RanIt=float *,
              _Pr=int (__cdecl *)(int,int)
          ]
F:\visual studio 2019 IDE\VC\Tools\MSVC\14.28.29910\include\algorithm(7515): message : 查看对正在编译的函数 模板 实例化“void std::_Sort_unchecked<_RanIt,int(__cdecl *)(int,int)>(_RanIt,_RanIt,int,_Pr)”的引用
          with
          [
              _RanIt=float *,
              _Pr=int (__cdecl *)(int,int)
          ]
C:\Users\Administrator\Desktop\超市商品管理系统\超市商品管理系统\main.cpp(2051): message : 查看对正在编译的函数 模板 实例化“void std::sort<float*,int(__cdecl *)(int,int)>(const _RanIt,const _RanIt,_Pr)”的引用
          with
          [
              _RanIt=float *,
              _Pr=int (__cdecl *)(int,int)
          ]
F:\visual studio 2019 IDE\VC\Tools\MSVC\14.28.29910\include\algorithm(7365,44): warning C4244: “参数”: 从“float”转换到“int”，可能丢失数据
F:\visual studio 2019 IDE\VC\Tools\MSVC\14.28.29910\include\algorithm(7418,33): warning C4244: “参数”: 从“float”转换到“int”，可能丢失数据
F:\visual studio 2019 IDE\VC\Tools\MSVC\14.28.29910\include\algorithm(7496): message : 查看对正在编译的函数 模板 实例化“std::pair<_RanIt,_RanIt> std::_Partition_by_median_guess_unchecked<_RanIt,int(__cdecl *)(int,int)>(_RanIt,_RanIt,_Pr)”的引用
          with
          [
              _RanIt=float *,
              _Pr=int (__cdecl *)(int,int)
          ]
F:\visual studio 2019 IDE\VC\Tools\MSVC\14.28.29910\include\algorithm(7419,32): warning C4244: “参数”: 从“float”转换到“int”，可能丢失数据
F:\visual studio 2019 IDE\VC\Tools\MSVC\14.28.29910\include\algorithm(7419,22): warning C4244: “参数”: 从“float”转换到“int”，可能丢失数据
F:\visual studio 2019 IDE\VC\Tools\MSVC\14.28.29910\include\algorithm(7423,31): warning C4244: “参数”: 从“float”转换到“int”，可能丢失数据
F:\visual studio 2019 IDE\VC\Tools\MSVC\14.28.29910\include\algorithm(7423,92): warning C4244: “参数”: 从“float”转换到“int”，可能丢失数据
F:\visual studio 2019 IDE\VC\Tools\MSVC\14.28.29910\include\algorithm(7423,82): warning C4244: “参数”: 从“float”转换到“int”，可能丢失数据
F:\visual studio 2019 IDE\VC\Tools\MSVC\14.28.29910\include\algorithm(7432,17): warning C4244: “参数”: 从“float”转换到“int”，可能丢失数据
F:\visual studio 2019 IDE\VC\Tools\MSVC\14.28.29910\include\algorithm(7434,40): warning C4244: “参数”: 从“float”转换到“int”，可能丢失数据
F:\visual studio 2019 IDE\VC\Tools\MSVC\14.28.29910\include\algorithm(7434,30): warning C4244: “参数”: 从“float”转换到“int”，可能丢失数据
F:\visual studio 2019 IDE\VC\Tools\MSVC\14.28.29910\include\algorithm(7445,17): warning C4244: “参数”: 从“float”转换到“int”，可能丢失数据
F:\visual studio 2019 IDE\VC\Tools\MSVC\14.28.29910\include\algorithm(7447,40): warning C4244: “参数”: 从“float”转换到“int”，可能丢失数据
F:\visual studio 2019 IDE\VC\Tools\MSVC\14.28.29910\include\algorithm(7447,30): warning C4244: “参数”: 从“float”转换到“int”，可能丢失数据
F:\visual studio 2019 IDE\VC\Tools\MSVC\14.28.29910\include\algorithm(6143,13): warning C4244: “参数”: 从“float”转换到“int”，可能丢失数据
F:\visual studio 2019 IDE\VC\Tools\MSVC\14.28.29910\include\algorithm(6309): message : 查看对正在编译的函数 模板 实例化“void std::_Pop_heap_hole_by_index<_RanIt,float,int(__cdecl *)(int,int)>(_RanIt,int,int,_Ty &&,_Pr)”的引用
          with
          [
              _RanIt=float *,
              _Ty=float,
              _Pr=int (__cdecl *)(int,int)
          ]
F:\visual studio 2019 IDE\VC\Tools\MSVC\14.28.29910\include\algorithm(7490): message : 查看对正在编译的函数 模板 实例化“void std::_Make_heap_unchecked<_RanIt,int(__cdecl *)(int,int)>(_RanIt,_RanIt,_Pr)”的引用
          with
          [
              _RanIt=float *,
              _Pr=int (__cdecl *)(int,int)
          ]
F:\visual studio 2019 IDE\VC\Tools\MSVC\14.28.29910\include\algorithm(6021,26): warning C4244: “参数”: 从“_Ty”转换到“int”，可能丢失数据
          with
          [
              _Ty=float
          ]
F:\visual studio 2019 IDE\VC\Tools\MSVC\14.28.29910\include\algorithm(6155): message : 查看对正在编译的函数 模板 实例化“void std::_Push_heap_by_index<_RanIt,_Ty,int(__cdecl *)(int,int)>(_RanIt,int,int,_Ty &&,_Pr)”的引用
          with
          [
              _RanIt=float *,
              _Ty=float,
              _Pr=int (__cdecl *)(int,int)
          ]
F:\visual studio 2019 IDE\VC\Tools\MSVC\14.28.29910\include\algorithm(6309): message : 查看对正在编译的函数 模板 实例化“void std::_Pop_heap_hole_by_index<_RanIt,float,int(__cdecl *)(int,int)>(_RanIt,int,int,_Ty &&,_Pr)”的引用
          with
          [
              _RanIt=float *,
              _Ty=float,
              _Pr=int (__cdecl *)(int,int)
          ]
F:\visual studio 2019 IDE\VC\Tools\MSVC\14.28.29910\include\algorithm(6021,26): warning C4244: “参数”: 从“float”转换到“int”，可能丢失数据
F:\visual studio 2019 IDE\VC\Tools\MSVC\14.28.29910\include\algorithm(7380,9): warning C4244: “参数”: 从“float”转换到“int”，可能丢失数据
F:\visual studio 2019 IDE\VC\Tools\MSVC\14.28.29910\include\algorithm(7401): message : 查看对正在编译的函数 模板 实例化“void std::_Med3_unchecked<_RanIt,int(__cdecl *)(int,int)>(_RanIt,_RanIt,_RanIt,_Pr)”的引用
          with
          [
              _RanIt=float *,
              _Pr=int (__cdecl *)(int,int)
          ]
F:\visual studio 2019 IDE\VC\Tools\MSVC\14.28.29910\include\algorithm(7414): message : 查看对正在编译的函数 模板 实例化“void std::_Guess_median_unchecked<_RanIt,int(__cdecl *)(int,int)>(_RanIt,_RanIt,_RanIt,_Pr)”的引用
          with
          [
              _RanIt=float *,
              _Pr=int (__cdecl *)(int,int)
          ]
F:\visual studio 2019 IDE\VC\Tools\MSVC\14.28.29910\include\algorithm(7496): message : 查看对正在编译的函数 模板 实例化“std::pair<_RanIt,_RanIt> std::_Partition_by_median_guess_unchecked<_RanIt,int(__cdecl *)(int,int)>(_RanIt,_RanIt,_Pr)”的引用
          with
          [
              _RanIt=float *,
              _Pr=int (__cdecl *)(int,int)
          ]
F:\visual studio 2019 IDE\VC\Tools\MSVC\14.28.29910\include\algorithm(7384,9): warning C4244: “参数”: 从“float”转换到“int”，可能丢失数据
F:\visual studio 2019 IDE\VC\Tools\MSVC\14.28.29910\include\algorithm(7387,13): warning C4244: “参数”: 从“float”转换到“int”，可能丢失数据
  正在生成代码
  2 of 189 functions ( 1.1%) were compiled, the rest were copied from previous compilation.
    0 functions were new in current compilation
    6 functions had inline decision re-evaluated but remain unchanged
  已完成代码的生成
  超市商品管理系统.vcxproj -> C:\Users\Administrator\Desktop\超市商品管理系统\超市商品管理系统\Release\超市商品管理系统.exe
